\BOOKMARK [0][-]{chapter.1}{\376\377\000I\000n\000t\000r\000o\000d\000u\000c\000t\000i\000o\000n}{}% 1
\BOOKMARK [1][-]{section.1.1}{\376\377\000W\000h\000a\000t\000\040\000i\000s\000\040\000p\000y\000S\000i\000P\000M\000?}{chapter.1}% 2
\BOOKMARK [1][-]{section.1.2}{\376\377\000W\000h\000y\000\040\000i\000t\000\040\000w\000a\000s\000\040\000c\000r\000e\000a\000t\000e\000d\000?}{chapter.1}% 3
\BOOKMARK [1][-]{section.1.3}{\376\377\000W\000h\000o\000\040\000h\000a\000s\000\040\000c\000r\000e\000a\000t\000e\000d\000\040\000i\000t\000?}{chapter.1}% 4
\BOOKMARK [0][-]{chapter.2}{\376\377\000I\000n\000s\000t\000a\000l\000l\000a\000t\000i\000o\000n}{}% 5
\BOOKMARK [1][-]{section.2.1}{\376\377\000R\000e\000q\000u\000i\000r\000m\000e\000n\000t\000s}{chapter.2}% 6
\BOOKMARK [1][-]{section.2.2}{\376\377\000L\000i\000n\000u\000x\000\040\000H\000o\000w\000\040\000T\000o}{chapter.2}% 7
\BOOKMARK [1][-]{section.2.3}{\376\377\000C\000o\000m\000p\000i\000l\000a\000t\000i\000o\000n\000\040\000o\000f\000\040\000s\000h\000a\000r\000e\000d\000\040\000l\000i\000b\000r\000a\000r\000i\000e\000s}{chapter.2}% 8
\BOOKMARK [0][-]{chapter.3}{\376\377\000F\000i\000l\000e\000s\000\040\000S\000t\000r\000u\000c\000t\000u\000r\000e}{}% 9
\BOOKMARK [1][-]{section.3.1}{\376\377\000M\000a\000i\000n}{chapter.3}% 10
\BOOKMARK [1][-]{section.3.2}{\376\377\000V\000a\000r\000i\000a\000b\000l\000e\000s}{chapter.3}% 11
\BOOKMARK [1][-]{section.3.3}{\376\377\000F\000u\000n\000c\000t\000i\000o\000n\000s}{chapter.3}% 12
\BOOKMARK [1][-]{section.3.4}{\376\377\000O\000t\000h\000e\000r}{chapter.3}% 13
\BOOKMARK [0][-]{chapter.4}{\376\377\000S\000e\000t\000u\000p}{}% 14
\BOOKMARK [1][-]{section.4.1}{\376\377\000E\000x\000t\000e\000r\000n\000a\000l\000\040\000f\000i\000l\000e\000\040\000s\000e\000t\000u\000p}{chapter.4}% 15
\BOOKMARK [1][-]{section.4.2}{\376\377\000M\000a\000n\000u\000a\000l\000\040\000s\000e\000t\000u\000p}{chapter.4}% 16
\BOOKMARK [1][-]{section.4.3}{\376\377\000C\000o\000m\000m\000a\000n\000d\000\040\000l\000i\000n\000e\000\040\000o\000p\000t\000i\000o\000n\000s}{chapter.4}% 17
\BOOKMARK [0][-]{chapter.5}{\376\377\000V\000a\000r\000i\000a\000b\000l\000e\000s}{}% 18
\BOOKMARK [0][-]{chapter.6}{\376\377\000T\000h\000e\000o\000r\000y}{}% 19
\BOOKMARK [1][-]{section.6.1}{\376\377\000S\000i\000P\000M}{chapter.6}% 20
\BOOKMARK [1][-]{section.6.2}{\376\377\000C\000e\000l\000l\000\040\000R\000e\000c\000o\000v\000e\000r\000y}{chapter.6}% 21
\BOOKMARK [1][-]{section.6.3}{\376\377\000D\000a\000r\000k\000\040\000C\000o\000u\000n\000t\000s}{chapter.6}% 22
\BOOKMARK [1][-]{section.6.4}{\376\377\000O\000p\000t\000i\000c\000a\000l\000\040\000C\000r\000o\000s\000s\000t\000a\000l\000k}{chapter.6}% 23
\BOOKMARK [1][-]{section.6.5}{\376\377\000A\000f\000t\000e\000r\000p\000u\000l\000s\000i\000n\000g}{chapter.6}% 24
\BOOKMARK [1][-]{section.6.6}{\376\377\000S\000i\000g\000n\000a\000l\000\040\000S\000h\000a\000p\000i\000n\000g}{chapter.6}% 25
\BOOKMARK [1][-]{section.6.7}{\376\377\000S\000i\000g\000n\000a\000l\000\040\000A\000n\000a\000l\000y\000s\000i\000s}{chapter.6}% 26
\BOOKMARK [0][-]{chapter.7}{\376\377\000I\000n\000d\000i\000c\000e\000s\000\040\000a\000n\000d\000\040\000t\000a\000b\000l\000e\000s}{}% 27
\BOOKMARK [0][-]{section*.16}{\376\377\000I\000n\000d\000e\000x}{}% 28
